[Package Manager] Server::Start -- Port 63599 was selected

LICENSE SYSTEM [2018626 16:44:36] No start/stop license dates set

LICENSE SYSTEM [2018626 16:44:36] Next license update check is after 2027-08-23T00:17:35


 COMMAND LINE ARGUMENTS:
/Applications/Unity/Unity.app/Contents/MacOS/Unity
-projectPath
/Users/xuelong/Development/DirveExam
-batchmode
-quit
-nographics
-executeMethod
Plugins.Editor.BuildPackage.CommandLineBuild.GenerateGameVersion
-logfile
/Users/xuelong/Development/DirveExam/Build/Output/Android/Unity.GenerateGameVersion.log
Successfully changed project path to: /Users/xuelong/Development/DirveExam
/Users/xuelong/Development/DirveExam
Loading GUID <-> Path mappings...0.000054 seconds
Loading Asset Database...0.010899 seconds
Audio: FMOD Profiler initialized on port 54900
AssetDatabase consistency checks...0.061956 seconds
Refreshing native plugins compatible for Editor in 4.72 ms, found 0 plugins.
Preloading 0 native plugins for Editor in 0.00 ms.
DisplayProgressbar: Unity Package Manager
[Package Manager] Resolving 4 packages:
[Package Manager]  * Package :  com.unity.ads@2.0.8
    (location: /Users/xuelong/Library/Unity/cache/packages/packages.unity.com/com.unity.ads@2.0.8)
[Package Manager]  * Package :  com.unity.analytics@2.0.13
    (location: /Users/xuelong/Library/Unity/cache/packages/packages.unity.com/com.unity.analytics@2.0.13)
[Package Manager]  * Package :  com.unity.purchasing@0.0.19
    (location: /Users/xuelong/Library/Unity/cache/packages/packages.unity.com/com.unity.purchasing@0.0.19)
[Package Manager]  * Package :  com.unity.standardevents@1.0.10
    (location: /Users/xuelong/Library/Unity/cache/packages/packages.unity.com/com.unity.standardevents@1.0.10)
[Package Manager] Resolve completed
Initialize engine version: 2017.4.3f1 (21ae32b5a9cb)
Forcing GfxDevice: Null
GfxDevice: creating device client; threaded=0
NullGfxDevice:
    Version:  NULL 1.0 [1.0]
    Renderer: Null Device
    Vendor:   Unity Technologies
Initialize mono
Mono path[0] = '/Applications/Unity/Unity.app/Contents/Managed'
Mono path[1] = '/Applications/Unity/Unity.app/Contents/Mono/lib/mono/2.0'
Mono config path = '/Applications/Unity/Unity.app/Contents/Mono/etc'
Using monoOptions --debugger-agent=transport=dt_socket,embedding=1,defer=y,address=0.0.0.0:56576
Begin MonoManager ReloadAssembly
Initializing Unity.PackageManager (PackageManager) v2017.4.3 for Unity v2017.4.3f1
Registering precompiled unity dll's ...
Register platform support module: /Applications/Unity/PlaybackEngines/AndroidPlayer/UnityEditor.Android.Extensions.dll
Register platform support module: /Applications/Unity/PlaybackEngines/iOSSupport/UnityEditor.iOS.Extensions.dll
Register platform support module: /Applications/Unity/PlaybackEngines/WebGLSupport/UnityEditor.WebGL.Extensions.dll
Register platform support module: /Applications/Unity/Unity.app/Contents/PlaybackEngines/MacStandaloneSupport/UnityEditor.OSXStandalone.Extensions.dll
Registered in 0.001112 seconds.
Refreshing native plugins compatible for Editor in 0.54 ms, found 3 plugins.
Preloading 1 native plugins for Editor in 2.37 ms.
Mono: successfully reloaded assembly
- Completed reload, in  1.171 seconds
Registering platform support modules:
Registered platform support modules in: 0.118077s.
Native extension for OSXStandalone target not found
Native extension for WebGL target not found
Native extension for iOS target not found
[XcodeApplications] RefreshListOfAvailableXcodeApplications in: 0.021669s.
Native extension for Android target not found
Begin MonoManager ReloadAssembly
Registering precompiled user dll's ...
Registered in 0.065088 seconds.
Refreshing native plugins compatible for Editor in 0.51 ms, found 3 plugins.
Preloading 1 native plugins for Editor in 0.45 ms.
Mono: successfully reloaded assembly
- Completed reload, in  0.827 seconds
Initializing Unity.PackageManager (PackageManager) v2017.4.3 for Unity v2017.4.3f1
Registering platform support modules:
Registered platform support modules in: 0.066939s.
Native extension for OSXStandalone target not found
Native extension for WebGL target not found
Native extension for iOS target not found
Refreshing native plugins compatible for Editor in 0.67 ms, found 3 plugins.
[XcodeApplications] RefreshListOfAvailableXcodeApplications in: 0.003622s.
Native extension for Android target not found
Validating Project structure ... 0.029365 seconds.
Refresh: detecting if any assets need to be imported or removed ... Refresh: elapses 0.041509 seconds (Nothing changed)
Warming cache for 1157 main assets: 0.001306 seconds elapsed
Initializing Unity extensions:
 '/Applications/Unity/Unity.app/Contents/UnityExtensions/Unity/UnityHoloLens/Editor/UnityEditor.HoloLens.dll'  GUID: 12fd8a0055b84bb59e84c9835a37e333
 '/Applications/Unity/Unity.app/Contents/UnityExtensions/Unity/Timeline/Runtime/UnityEngine.Timeline.dll'  GUID: 6a10b2909283487f913b00d94cd3faf5
 '/Applications/Unity/Unity.app/Contents/UnityExtensions/Unity/TestRunner/portable/nunit.framework.dll'  GUID: 405b9b51bb344a128608d968297df79c
 '/Applications/Unity/Unity.app/Contents/UnityExtensions/Unity/GUISystem/Standalone/UnityEngine.UI.dll'  GUID: f70555f144d8491a825f0804e09c671c
 '/Applications/Unity/Unity.app/Contents/UnityExtensions/Unity/GUISystem/UnityEngine.UI.dll'  GUID: f5f67c52d1564df4a8936ccd202a3bd8
 '/Applications/Unity/Unity.app/Contents/UnityExtensions/Unity/Timeline/RuntimeEditor/UnityEngine.Timeline.dll'  GUID: 844f815391db42d49455cbf1a7bfc434
 '/Applications/Unity/Unity.app/Contents/UnityExtensions/Unity/Networking/Standalone/UnityEngine.Networking.dll'  GUID: dc443db3e92b4983b9738c1131f555cb
 '/Applications/Unity/Unity.app/Contents/UnityExtensions/Unity/UnitySpatialTracking/Runtime/UnityEngine.SpatialTracking.dll'  GUID: ed7343f30e3843b3afda8f8b02669cea
 '/Applications/Unity/Unity.app/Contents/UnityExtensions/Unity/UnityGoogleAudioSpatializer/Editor/UnityEditor.GoogleAudioSpatializer.dll'  GUID: 4a3ecb1425d14502837abea459cf2b70
 '/Applications/Unity/Unity.app/Contents/UnityExtensions/Unity/Networking/Editor/UnityEditor.Networking.dll'  GUID: 5f32cd94baa94578a686d4b9d6b660f7
 '/Applications/Unity/Unity.app/Contents/UnityExtensions/Unity/UnityHoloLens/Runtime/UnityEngine.HoloLens.dll'  GUID: f7b54ff4a43d4fcf81b4538b678e0bcc
 '/Applications/Unity/Unity.app/Contents/UnityExtensions/Unity/UnitySpatialTracking/Editor/UnityEditor.SpatialTracking.dll'  GUID: b5da970776034f77a070d99423d68791
 '/Applications/Unity/Unity.app/Contents/UnityExtensions/Unity/TreeEditor/Editor/UnityEditor.TreeEditor.dll'  GUID: adebbd281f1a4ef3a30be7f21937e02f
 '/Applications/Unity/Unity.app/Contents/UnityExtensions/Unity/Networking/UnityEngine.Networking.dll'  GUID: 870353891bb340e2b2a9c8707e7419ba
 '/Applications/Unity/Unity.app/Contents/UnityExtensions/Unity/TestRunner/UnityEngine.TestRunner.dll'  GUID: 53ebcfaa2e1e4e2dbc85882cd5a73fa1
 '/Applications/Unity/Unity.app/Contents/UnityExtensions/Unity/UnityGoogleAudioSpatializer/RuntimeEditor/UnityEngine.GoogleAudioSpatializer.dll'  GUID: ead147da21254ff9a0a936bdd75e1680
 '/Applications/Unity/Unity.app/Contents/UnityExtensions/Unity/UnityGoogleAudioSpatializer/Runtime/UnityEngine.GoogleAudioSpatializer.dll'  GUID: e4f4cf1b9b434137a499903a7a1d651a
 '/Applications/Unity/Unity.app/Contents/UnityExtensions/Unity/UnityVR/Editor/UnityEditor.VR.dll'  GUID: 4ba2329b63d54f0187bcaa12486b1b0f
 '/Applications/Unity/Unity.app/Contents/UnityExtensions/Unity/UnityHoloLens/RuntimeEditor/UnityEngine.HoloLens.dll'  GUID: 1c6d1fbb51834b64847b1b73a75bfc77
 '/Applications/Unity/Unity.app/Contents/UnityExtensions/Unity/UnitySpatialTracking/RuntimeEditor/UnityEngine.SpatialTracking.dll'  GUID: 3a84de5cd0624681b6b6dcd8921d912a
 '/Applications/Unity/Unity.app/Contents/UnityExtensions/Unity/GUISystem/Editor/UnityEditor.UI.dll'  GUID: 80a3616ca19596e4da0f10f14d241e9f
 '/Applications/Unity/Unity.app/Contents/UnityExtensions/Unity/UIAutomation/UnityEngine.UIAutomation.dll'  GUID: c768acbc9cf24d398488bb4c93b91288
 '/Applications/Unity/Unity.app/Contents/UnityExtensions/Unity/TestRunner/Editor/UnityEditor.TestRunner.dll'  GUID: 4113173d5e95493ab8765d7b08371de4
 '/Applications/Unity/Unity.app/Contents/UnityExtensions/Unity/TestRunner/net35/unity-custom/nunit.framework.dll'  GUID: 4b3fa4bde7f1451a8218c03ee6a8ded8
 '/Applications/Unity/Unity.app/Contents/UnityExtensions/Unity/UIAutomation/Editor/UnityEditor.UIAutomation.dll'  GUID: b8a0574e92bd43a59e19d6c3c6ae54c7
 '/Applications/Unity/Unity.app/Contents/UnityExtensions/Unity/Timeline/Editor/UnityEditor.Timeline.dll'  GUID: 7668179ede524d6396c8b7d84461ea29
Unloading 994 Unused Serialized files (Serialized files now loaded: 0)
System memory in use before: 284.1 MB.
System memory in use after: 284.2 MB.

Unloading 76 unused Assets to reduce memory usage. Loaded Objects now: 1554.
Total: 2.100824 ms (FindLiveObjects: 0.414479 ms CreateObjectMapping: 0.051019 ms MarkObjects: 1.579293 ms  DeleteObjects: 0.054295 ms)

ArgumentException: Empty path not allowed
  at System.IO.StreamReader..ctor (System.String path, System.Text.Encoding encoding, Boolean detectEncodingFromByteOrderMarks, Int32 bufferSize) [0x00027] in /Users/builduser/buildslave/mono/build/mcs/class/corlib/System.IO/StreamReader.cs:159 
  at System.IO.StreamReader..ctor (System.String path, System.Text.Encoding encoding) [0x00000] in <filename unknown>:0 
  at (wrapper remoting-invoke-with-check) System.IO.StreamReader:.ctor (string,System.Text.Encoding)
  at System.IO.File.ReadAllText (System.String path, System.Text.Encoding encoding) [0x00000] in /Users/builduser/buildslave/mono/build/mcs/class/corlib/System.IO/File.cs:587 
  at Plugins.Editor.BuildPackage.CommandLineBuild.ModifyVersionNumber (Int32 svnVersion, System.String logBase, Boolean commit) [0x001a9] in /Users/xuelong/Development/DirveExam/Assets/Plugins/Editor/BuildPackage/CommandLineBuild.cs:274 
  at Plugins.Editor.BuildPackage.CommandLineBuild.GenerateGameVersion (Boolean commit) [0x0008b] in /Users/xuelong/Development/DirveExam/Assets/Plugins/Editor/BuildPackage/CommandLineBuild.cs:113 
  at Plugins.Editor.BuildPackage.CommandLineBuild.GenerateGameVersion () [0x00002] in /Users/xuelong/Development/DirveExam/Assets/Plugins/Editor/BuildPackage/CommandLineBuild.cs:85 
 
(Filename: /Users/builduser/buildslave/mono/build/mcs/class/corlib/System.IO/StreamReader.cs Line: 159)

executeMethod method Plugins.Editor.BuildPackage.CommandLineBuild.GenerateGameVersion threw exception.
 
(Filename: /Users/builduser/buildslave/unity/build/Runtime/Utilities/Argv.cpp Line: 226)


Aborting batchmode due to failure:
executeMethod method Plugins.Editor.BuildPackage.CommandLineBuild.GenerateGameVersion threw exception.

